c:\bigdata\cossacks-2025\src\temp\commcore.bsc
c:\bigdata\cossacks-2025\src\temp\commcore\vc142.pdb
c:\bigdata\cossacks-2025\src\temp\commcore\vc142.idb
c:\bigdata\cossacks-2025\src\temp\commcore\commserverlist.sbr
c:\bigdata\cossacks-2025\src\temp\commcore\commrecv.sbr
c:\bigdata\cossacks-2025\src\temp\commcore\commraw.sbr
c:\bigdata\cossacks-2025\src\temp\commcore\commqueue.sbr
c:\bigdata\cossacks-2025\src\temp\commcore\commping.sbr
c:\bigdata\cossacks-2025\src\temp\commcore\commpeers.sbr
c:\bigdata\cossacks-2025\src\temp\commcore\comminit.sbr
c:\bigdata\cossacks-2025\src\temp\commcore\comminet.sbr
c:\bigdata\cossacks-2025\src\temp\commcore\commcore.sbr
c:\bigdata\cossacks-2025\src\temp\commcore\commcore.obj
c:\bigdata\cossacks-2025\src\temp\commcore\comminet.obj
c:\bigdata\cossacks-2025\src\temp\commcore\comminit.obj
c:\bigdata\cossacks-2025\src\temp\commcore\commpeers.obj
c:\bigdata\cossacks-2025\src\temp\commcore\commping.obj
c:\bigdata\cossacks-2025\src\temp\commcore\commqueue.obj
c:\bigdata\cossacks-2025\src\temp\commcore\commraw.obj
c:\bigdata\cossacks-2025\src\temp\commcore\commrecv.obj
c:\bigdata\cossacks-2025\src\temp\commcore\commserverlist.obj
c:\bigdata\cossacks-2025\src\temp\commcore.lib
c:\bigdata\cossacks-2025\src\temp\commcore\commcore library.tlog\bscmake.command.1.tlog
c:\bigdata\cossacks-2025\src\temp\commcore\commcore library.tlog\bscmake.read.1.tlog
c:\bigdata\cossacks-2025\src\temp\commcore\commcore library.tlog\bscmake.write.1.tlog
c:\bigdata\cossacks-2025\src\temp\commcore\commcore library.tlog\cl.command.1.tlog
c:\bigdata\cossacks-2025\src\temp\commcore\commcore library.tlog\cl.read.1.tlog
c:\bigdata\cossacks-2025\src\temp\commcore\commcore library.tlog\cl.write.1.tlog
c:\bigdata\cossacks-2025\src\temp\commcore\commcore library.tlog\lib-link.read.1.tlog
c:\bigdata\cossacks-2025\src\temp\commcore\commcore library.tlog\lib-link.write.1.tlog
c:\bigdata\cossacks-2025\src\temp\commcore\commcore library.tlog\lib.command.1.tlog
