c:\now_cossacks-2025\src\temp\intexplorer\vc142.pdb
c:\now_cossacks-2025\src\temp\intexplorer\vc142.idb
c:\now_cossacks-2025\src\temp\intexplorer\bmptool.obj
c:\now_cossacks-2025\src\temp\intexplorer\dataxchange.obj
c:\now_cossacks-2025\src\temp\intexplorer\dstring.obj
c:\now_cossacks-2025\src\temp\intexplorer\explore.obj
c:\now_cossacks-2025\src\temp\intexplorer\fndefine.obj
c:\now_cossacks-2025\src\temp\intexplorer\gameonmap.obj
c:\now_cossacks-2025\src\temp\intexplorer\intexplorer.obj
c:\now_cossacks-2025\src\temp\intexplorer\parserq.obj
c:\now_cossacks-2025\src\temp\intexplorer\pingengine.obj
c:\now_cossacks-2025\src\temp\intexplorer\stdafx.obj
c:\now_cossacks-2025\src\temp\intexplorer.lib
c:\now_cossacks-2025\src\temp\intexplorer.exp
c:\now_cossacks-2025\src\testing\intexplorer.dll
c:\now_cossacks-2025\src\temp\intexplorer\intexplorer.iobj
c:\now_cossacks-2025\src\temp\intexplorer.pdb
c:\now_cossacks-2025\src\temp\intexplorer\intexplo.90c182bd.tlog\cl.command.1.tlog
c:\now_cossacks-2025\src\temp\intexplorer\intexplo.90c182bd.tlog\cl.read.1.tlog
c:\now_cossacks-2025\src\temp\intexplorer\intexplo.90c182bd.tlog\cl.write.1.tlog
c:\now_cossacks-2025\src\temp\intexplorer\intexplo.90c182bd.tlog\intexplorer library.write.1u.tlog
c:\now_cossacks-2025\src\temp\intexplorer\intexplo.90c182bd.tlog\link.command.1.tlog
c:\now_cossacks-2025\src\temp\intexplorer\intexplo.90c182bd.tlog\link.read.1.tlog
c:\now_cossacks-2025\src\temp\intexplorer\intexplo.90c182bd.tlog\link.write.1.tlog
