c:\now_cossacks-2025\src\temp\ichat\vc142.pdb
c:\now_cossacks-2025\src\temp\ichat\stdafx.obj
c:\now_cossacks-2025\src\temp\ichat\ichat.obj
c:\now_cossacks-2025\src\temp\ichat\gsc_chatwindow.obj
c:\now_cossacks-2025\src\temp\ichat\cs_chat.obj
c:\now_cossacks-2025\src\temp\ichat\parserq.obj
c:\now_cossacks-2025\src\temp\ichat\nonport.obj
c:\now_cossacks-2025\src\temp\ichat\md5c.obj
c:\now_cossacks-2025\src\temp\ichat\hashtable.obj
c:\now_cossacks-2025\src\temp\ichat\darray.obj
c:\now_cossacks-2025\src\temp\ichat\chatsocket.obj
c:\now_cossacks-2025\src\temp\ichat\chatmain.obj
c:\now_cossacks-2025\src\temp\ichat\chathandlers.obj
c:\now_cossacks-2025\src\temp\ichat\chatchannel.obj
c:\now_cossacks-2025\src\temp\ichat\chatcallbacks.obj
c:\now_cossacks-2025\src\temp\ichat.lib
c:\now_cossacks-2025\src\temp\ichat.exp
c:\now_cossacks-2025\src\testing\ichat.dll
c:\now_cossacks-2025\src\temp\ichat\ichat.iobj
c:\now_cossacks-2025\src\temp\ichat.pdb
c:\now_cossacks-2025\src\temp\ichat\ichat library.tlog\cl.command.1.tlog
c:\now_cossacks-2025\src\temp\ichat\ichat library.tlog\cl.read.1.tlog
c:\now_cossacks-2025\src\temp\ichat\ichat library.tlog\cl.write.1.tlog
c:\now_cossacks-2025\src\temp\ichat\ichat library.tlog\ichat library.write.1u.tlog
c:\now_cossacks-2025\src\temp\ichat\ichat library.tlog\link.command.1.tlog
c:\now_cossacks-2025\src\temp\ichat\ichat library.tlog\link.read.1.tlog
c:\now_cossacks-2025\src\temp\ichat\ichat library.tlog\link.write.1.tlog
